{"level":"info","message":"Successfully got logged","timestamp":"2024-03-05T09:23:44.070Z"}
2024-03-06T05:56:42.939Z - Successfully got logged - undefined
2024-03-06T06:00:31.448Z - API request triggered - /api/some-endpoint
2024-03-06T06:00:33.937Z - API request triggered - /api/some-endpoint
{"level":"info","message":"Successfully got logged","timestamp":"2024-03-06T06:03:35.550Z"}
{"level":"info","message":"Successfully got logged","timestamp":"2024-03-06T06:36:05.128Z"}
{"level":"info","message":"Successfully got logged","timestamp":"2024-03-06T06:37:08.807Z"}
{"level":"info","message":"Successfully got logged","timestamp":"2024-03-06T06:46:53.780Z"}
{"level":"info","message":"Successfully got logged","timestamp":"2024-03-06T09:35:53.835Z"}
{"level":"info","message":"Successfully got logged","timestamp":"2024-03-06T09:37:00.283Z"}
{"level":"info","message":"Successfully got logged","timestamp":"2024-03-06T10:04:05.003Z"}
{"level":"info","message":"Successfully got logged","timestamp":"2024-03-06T10:08:47.135Z"}
{"level":"info","message":"Successfully got logged","timestamp":"2024-03-06T10:09:46.677Z"}
{"level":"info","message":"Successfully got logged","timestamp":"2024-03-06T10:09:59.215Z"}
{"level":"info","message":"Successfully got logged","timestamp":"2024-03-06T10:11:23.225Z"}
{"level":"info","message":"Successfully got logged","timestamp":"2024-03-06T10:12:08.840Z"}
{"level":"info","message":"Successfully got logged","timestamp":"2024-03-06T10:13:20.856Z"}
{"level":"info","message":"Successfully got logged","timestamp":"2024-03-06T10:22:05.162Z"}
{"level":"info","message":"Successfully got logged","timestamp":"2024-03-06T10:22:32.588Z"}
{"level":"info","message":"Successfully got logged","timestamp":"2024-03-06T11:15:30.508Z"}
{"level":"info","message":"Successfully got logged","timestamp":"2024-03-06T11:16:30.584Z"}
{"level":"info","message":"Successfully got logged","timestamp":"2024-03-06T11:17:04.973Z"}
{"level":"info","message":"Successfully got logged","timestamp":"2024-03-06T11:17:15.752Z"}
{"level":"info","message":"Successfully got logged","timestamp":"2024-03-06T11:22:32.576Z"}
{"level":"info","message":"Successfully got logged","timestamp":"2024-03-06T11:23:23.105Z"}
2024-03-06T11:40:05.987Z - Successfully got logged 
Successfully got logged - undefined - 2024-03-06T11:41:59.296Z 
